#-----------------------------------------------------------
# Vivado v2012.2 (64-bit)
# Build 194362 by xbuild on Fri Jul 20 18:49:25 MDT 2012
# Start of session at: Thu Sep 13 09:44:44 2012
# Process ID: 5441
# Log file: /home/cms/projects/blue7/vivado.log
# Journal file: /home/cms/projects/blue7/vivado.jou
#-----------------------------------------------------------
INFO: [Common 17-81] Feature available: Implementation
INFO: [Common 17-81] Feature available: Synthesis
INFO: [Device 21-36] Loading parts and site information from /opt/Xilinx/14.2/ISE_DS/PlanAhead/data/parts/arch.xml
Parsing RTL primitives file [/opt/Xilinx/14.2/ISE_DS/PlanAhead/data/parts/xilinx/rtl/prims/rtl_prims.xml]
Finished parsing RTL primitives file [/opt/Xilinx/14.2/ISE_DS/PlanAhead/data/parts/xilinx/rtl/prims/rtl_prims.xml]

start_gui
open_project /home/cms/projects/blue7/blue7test/blue7test.xpr
Scanning sources...
Finished scanning sources
Parsing template File [/opt/Xilinx/14.2/ISE_DS/PlanAhead/data/parts/xilinx/templates/vivado/verilog.xml].
Finished parsing template File [/opt/Xilinx/14.2/ISE_DS/PlanAhead/data/parts/xilinx/templates/vivado/verilog.xml].
Parsing template File [/opt/Xilinx/14.2/ISE_DS/PlanAhead/data/parts/xilinx/templates/vivado/vhdl.xml].
Finished parsing template File [/opt/Xilinx/14.2/ISE_DS/PlanAhead/data/parts/xilinx/templates/vivado/vhdl.xml].
Parsing template File [/opt/Xilinx/14.2/ISE_DS/PlanAhead/data/parts/xilinx/templates/vivado/xdc.xml].
Finished parsing template File [/opt/Xilinx/14.2/ISE_DS/PlanAhead/data/parts/xilinx/templates/vivado/xdc.xml].
update_compile_order -fileset sources_1
reset_run synth_1
launch_runs synth_1
[Thu Sep 13 09:45:27 2012] Launched synth_1...
Run output will be captured here: /home/cms/projects/blue7/blue7test/blue7test.runs/synth_1/runme.log
reset_run synth_1
launch_runs synth_1
[Thu Sep 13 09:52:16 2012] Launched synth_1...
Run output will be captured here: /home/cms/projects/blue7/blue7test/blue7test.runs/synth_1/runme.log
launch_runs impl_1
[Thu Sep 13 09:55:20 2012] Launched impl_1...
Run output will be captured here: /home/cms/projects/blue7/blue7test/blue7test.runs/impl_1/runme.log
reset_run synth_1
launch_runs synth_1
[Thu Sep 13 10:08:52 2012] Launched synth_1...
Run output will be captured here: /home/cms/projects/blue7/blue7test/blue7test.runs/synth_1/runme.log
launch_runs impl_1
[Thu Sep 13 10:11:55 2012] Launched impl_1...
Run output will be captured here: /home/cms/projects/blue7/blue7test/blue7test.runs/impl_1/runme.log
reset_run synth_1
launch_runs synth_1
[Thu Sep 13 10:20:33 2012] Launched synth_1...
Run output will be captured here: /home/cms/projects/blue7/blue7test/blue7test.runs/synth_1/runme.log
launch_runs impl_1
[Thu Sep 13 10:23:35 2012] Launched impl_1...
Run output will be captured here: /home/cms/projects/blue7/blue7test/blue7test.runs/impl_1/runme.log
reset_run synth_1
launch_runs synth_1
[Thu Sep 13 10:37:06 2012] Launched synth_1...
Run output will be captured here: /home/cms/projects/blue7/blue7test/blue7test.runs/synth_1/runme.log
reset_run synth_1
launch_runs synth_1
[Thu Sep 13 10:40:10 2012] Launched synth_1...
Run output will be captured here: /home/cms/projects/blue7/blue7test/blue7test.runs/synth_1/runme.log
launch_runs impl_1
[Thu Sep 13 10:43:12 2012] Launched impl_1...
Run output will be captured here: /home/cms/projects/blue7/blue7test/blue7test.runs/impl_1/runme.log
reset_run impl_1 -noclean_dir
reset_run synth_1
launch_runs synth_1
[Thu Sep 13 10:44:43 2012] Launched synth_1...
Run output will be captured here: /home/cms/projects/blue7/blue7test/blue7test.runs/synth_1/runme.log
