Release      : 2012.2.1 - (lin64)                          
Command Line : report_power -file fpgaTop_power_routed.rpt 
Date         : Tue Sep 25 14:23:01 2012                    

Table of Contents
-----------------
1.  Settings                 
1.1.  Project                
1.2.  Device                 
1.3.  Environment            
1.4.  Default Activity Rates 
2.  Summary                  
2.1.  On-Chip Components     
2.2.  Power Supply           
2.3.  Thermal Summary        
2.4.  Confidence Level       
3.  Detailed Reports         
3.1.  By Hierarchy           
4.  Warnings                 

1.1.  Project
-------------
Design Name              :        
Design State             : ROUTED 
Settings File            : ---    
Simulation Activity File : ---    
Design Nets Matched      : NA     

1.2.  Device
------------
Family           : kintex7          
Part             : xc7k325tffg900-1 
Package          : ffg900           
Grade            : Commercial       
Process          : Typical          
Speed Grade      : -1               
Characterization : Advance          

1.3.  Environment
-----------------
Ambient Temp (C)      : 25.0             
ThetaJA (C/W)         : 1.8              
Airflow (LFM)         : 250              
Heat Sink             : Medium Profile   
ThetaSA (C/W)         : 3.3              
Board Selection       : Medium (10"x10") 
# of Board Layers     : 12 to 15         
Board Temperature (C) : 25.4             

1.4.  Default Activity Rates
----------------------------
Register Toggle Rate (%)   :  12.5 
IO Toggle Rate (%)         :  12.5 
Output Load (pF)           :   5.0 
IO Enable Probability      :   1.0 
BRAM Write Probability     :   0.5 
BRAM Enable Probability    :   0.5 
DSP Toggle Rate (%)        :  12.5 
Set Signal Probability     :  0.01 
Reset Signal Probability   :  0.01 
Enable Signal Probability  :  0.99 
Clock Frequency (MHz)      :   0.0 

2.  Summary
-----------
Total On-Chip Power (mW) : 204.26 
Core Dynamic (mW)        : 72.79  
Device Static (mW)       : 124.81 
I/O (mW)                 : 6.66   

2.1.  On-Chip Components
------------------------
-------------------------------------------------------------------
| On-Chip   | Power (mW) | Used     | Available | Utilization (%) |
-------------------------------------------------------------------
| Clocks    |      34.84 |        2 |       --- |             --- |
| Logic     |      15.82 |      --- |       --- |             --- |
|   LUT     |      13.65 |     3890 |    203800 |             1.9 |
|   FF      |       1.14 |     4053 |    407600 |             1.0 |
|   RAM     |       0.78 |      176 |     64000 |             0.3 |
|   CY4     |       0.26 |       79 |     50950 |             0.2 |
|   SMUX    |       0.00 |        3 |    203800 |             0.0 |
|   Others  |       0.00 |      112 |       --- |             --- |
| Signals   |      21.70 |     6135 |       --- |             --- |
| BRAM      |       0.43 |        1 |       445 |             0.2 |
| I/O       |       6.66 |       38 |       480 |             7.9 |
| Quiescent |     124.81 |          |           |                 |
| Total     |     204.26 |          |           |                 |
-------------------------------------------------------------------

2.2.  Power Supply Summary
--------------------------
-------------------------------------------------------------------
| Source  | Voltage (V) | Total (mA) | Dynamic (mA) | Static (mA) |
-------------------------------------------------------------------
| Vcco25  |       2.500 |       1.05 |         0.05 |        1.00 |
| Vcco15  |       1.500 |       1.00 |         0.00 |        1.00 |
| Vccbram |       1.000 |       1.33 |         0.03 |        1.29 |
| Vccint  |       1.000 |     142.36 |        73.56 |       68.80 |
| Vccaux  |       1.800 |      31.37 |         0.08 |       31.28 |
-------------------------------------------------------------------

2.3.  Thermal Summary
---------------------
Effective TJA (C/W)      : 1.8  
Max Ambient (C)          : 84.6 
Junction Temperature (C) : 25.4 

2.4.  Confidence Level
----------------------
--------------------------------------------------------------------------------------------------------------------------------------------------------------------------------------------------------------------------
| User Input Data             | Confidence | Details                                                | Action                                                                                                             |
--------------------------------------------------------------------------------------------------------------------------------------------------------------------------------------------------------------------------
| Design implementation state | High       | Design is completely routed                            |                                                                                                                    |
| Clock nodes activity        | Medium     | More than 5% of clocks are missing user specification  | Provide missing clock activity with a constraint file, simulation results or by editing the "By Clock Domain" view |
| I/O nodes activity          | Low        | More than 75% of inputs are missing user specification | Provide missing input activity with simulation results or by editing the "By Resource Type -> I/Os" view           |
| Internal nodes activity     | Medium     | User specified less than 25% of internal nodes         | Provide missing internal nodes activity with simulation results or by editing the "By Resource Type" views         |
| Device models               | Medium     | Device models are not Production                       | Device models may change and in turn slightly affect accuracy                                                      |
|                             |            |                                                        |                                                                                                                    |
| Overall confidence level    | Low        |                                                        |                                                                                                                    |
--------------------------------------------------------------------------------------------------------------------------------------------------------------------------------------------------------------------------

3.  Detailed Reports
--------------------
3.1.  By Hierarchy
------------------
----------------------------------------------------
| Name                                | Power (mW) |
----------------------------------------------------
| fpgaTop                             |      81.38 |
|   ftop                              |      79.59 |
|     cp                              |      21.69 |
|       cpReqF                        |       3.59 |
|       timeServ_setRefF              |       2.87 |
|         fifoMem_reg_0_1_0_5         |       0.07 |
|         fifoMem_reg_0_1_12_17       |       0.07 |
|         fifoMem_reg_0_1_18_23       |       0.07 |
|         fifoMem_reg_0_1_24_29       |       0.07 |
|         fifoMem_reg_0_1_30_35       |       0.07 |
|         fifoMem_reg_0_1_36_41       |       0.06 |
|         fifoMem_reg_0_1_42_47       |       0.06 |
|         fifoMem_reg_0_1_48_53       |       0.06 |
|         fifoMem_reg_0_1_54_59       |       0.06 |
|         fifoMem_reg_0_1_60_63       |       0.06 |
|         fifoMem_reg_0_1_6_11        |       0.07 |
|       wci_respF                     |       0.83 |
|       rom_memory                    |       0.66 |
|       timeServ_nowInCC              |       1.76 |
|         sync                        |       0.41 |
|       wci_mReset_1                  |       0.14 |
|         rstSync                     |       0.14 |
|       rom_serverAdapter_outDataCore |       1.47 |
|         arr_reg_0_1_0_5             |       0.10 |
|         arr_reg_0_1_12_17           |       0.10 |
|         arr_reg_0_1_18_23           |       0.10 |
|         arr_reg_0_1_24_29           |       0.09 |
|         arr_reg_0_1_30_31           |       0.08 |
|         arr_reg_0_1_6_11            |       0.10 |
|       adminResp1F                   |       0.37 |
|       adminResp2F                   |       0.32 |
|       adminResp3F                   |       0.03 |
|       adminResp4F                   |       0.36 |
|       cpRespF                       |       1.64 |
|       adminRespF                    |       0.81 |
|     edcp                            |      21.74 |
|       dcpReqF                       |       4.83 |
|       ecpReqF                       |       3.49 |
|       cpReqF                        |       2.56 |
|       ecpRespF                      |       1.84 |
|       eMAddrF                       |       1.45 |
|       cpRespF                       |       2.04 |
|       dcpRespF                      |       2.38 |
|     gbe                             |      25.28 |
|       eReqF                         |       1.55 |
|       eRespF                        |       1.91 |
|       mdi_fRequest                  |       0.58 |
|       mdi_fResponse                 |       0.02 |
|       mdi_rPlayIndex                |       0.54 |
|       mdi_rPrescaler                |       0.08 |
|       qbgmac                        |      19.62 |
|         gmac                        |       9.51 |
|           rxRS_crc                  |       0.43 |
|           rxRS_rxF                  |       1.38 |
|             fifoMem_reg_0_7_0_5     |       0.11 |
|             fifoMem_reg_0_7_6_9     |       0.14 |
|           rxRS_rxOperateS           |       0.03 |
|           rxRS_rxRst                |       0.03 |
|           txRS_crc                  |       0.66 |
|           txRS_txF                  |       1.46 |
|             fifoMem_reg_0_15_0_5    |       0.11 |
|             fifoMem_reg_0_15_6_9    |       0.09 |
|           txRS_txOperateS           |       0.02 |
|           txRS_txRst                |       0.02 |
|         rxF                         |       3.27 |
|           fifoMem_reg_0_7_0_5       |       0.17 |
|           fifoMem_reg_0_7_12_17     |       0.17 |
|           fifoMem_reg_0_7_18_23     |       0.20 |
|           fifoMem_reg_0_7_24_29     |       0.20 |
|           fifoMem_reg_0_7_30_35     |       0.22 |
|           fifoMem_reg_0_7_36_39     |       0.18 |
|           fifoMem_reg_0_7_6_11      |       0.18 |
|         rxfun_inF                   |       0.37 |
|         rxfun_outF                  |       1.21 |
|         txF                         |       2.91 |
|           fifoMem_reg_0_7_0_5       |       0.17 |
|           fifoMem_reg_0_7_12_17     |       0.16 |
|           fifoMem_reg_0_7_18_23     |       0.16 |
|           fifoMem_reg_0_7_24_29     |       0.16 |
|           fifoMem_reg_0_7_30_35     |       0.17 |
|           fifoMem_reg_0_7_36_39     |       0.12 |
|           fifoMem_reg_0_7_6_11      |       0.15 |
|         txOper                      |       0.02 |
|         txfun_inF                   |       1.58 |
|         txfun_outF                  |       0.43 |
|     idc_idcRst                      |       0.05 |
|       rstSync                       |       0.02 |
|     lcdWrk                          |       8.08 |
|       wci_wslv_reqF                 |       1.60 |
|         arr_reg_0_1_0_5             |       0.06 |
|         arr_reg_0_1_12_17           |       0.06 |
|         arr_reg_0_1_18_23           |       0.06 |
|         arr_reg_0_1_24_29           |       0.06 |
|         arr_reg_0_1_30_35           |       0.06 |
|         arr_reg_0_1_36_41           |       0.06 |
|         arr_reg_0_1_60_65           |       0.06 |
|         arr_reg_0_1_66_71           |       0.06 |
|         arr_reg_0_1_6_11            |       0.06 |
|       lcd_ctrl                      |       2.80 |
|     sys0_rst                        |       0.13 |
|     sys1_rst                        |       0.01 |
----------------------------------------------------

4. Warnings
-----------

